<?xml version="1.0" encoding="UTF-8"?>
<testsuite xmlns:xsi="http://www.w3.org/2001/XMLSchema-instance" xsi:schemaLocation="https://maven.apache.org/surefire/maven-surefire-plugin/xsd/surefire-test-report.xsd" name="pl.polsl.tomasz.michalik.tests.TuringMachineTest" time="2.896" tests="55" errors="0" skipped="1" failures="0">
  <properties>
[...]
</properties>
  <testcase name="testAddBadOSymbolsTranstion{int}[1]" classname="pl.polsl.tomasz.michalik.tests.TuringMachineTest" time="0.07"/>
  <testcase name="testAddBadOSymbolsTranstion{int}[2]" classname="pl.polsl.tomasz.michalik.tests.TuringMachineTest" time="0.004"/>
  <testcase name="testAddBadOSymbolsTranstion{int}[3]" classname="pl.polsl.tomasz.michalik.tests.TuringMachineTest" time="0.004"/>
  <testcase name="testAddBadOSymbolsTranstion{int}[4]" classname="pl.polsl.tomasz.michalik.tests.TuringMachineTest" time="0.003"/>
  <testcase name="testAddBadOSymbolsTranstion{int}[5]" classname="pl.polsl.tomasz.michalik.tests.TuringMachineTest" time="0.005"/>
  <testcase name="testAddBadOSymbolsTranstion{int}[6]" classname="pl.polsl.tomasz.michalik.tests.TuringMachineTest" time="0.003"/>
  <testcase name="testAddBadOSymbolsTranstion{int}[7]" classname="pl.polsl.tomasz.michalik.tests.TuringMachineTest" time="0.003"/>
  <testcase name="testAddBadSymbolTransition{String}[1]" classname="pl.polsl.tomasz.michalik.tests.TuringMachineTest" time="0.003"/>
  <testcase name="testAddBadSymbolTransition{String}[2]" classname="pl.polsl.tomasz.michalik.tests.TuringMachineTest" time="0.003"/>
  <testcase name="testAddBadSymbolTransition{String}[3]" classname="pl.polsl.tomasz.michalik.tests.TuringMachineTest" time="0.002"/>
  <testcase name="testAddBadSymbolTransition{String}[4]" classname="pl.polsl.tomasz.michalik.tests.TuringMachineTest" time="0.003"/>
  <testcase name="testAddBadSymbolTransition{String}[5]" classname="pl.polsl.tomasz.michalik.tests.TuringMachineTest" time="0.002"/>
  <testcase name="testAddBadSymbolTransition{String}[6]" classname="pl.polsl.tomasz.michalik.tests.TuringMachineTest" time="0.003"/>
  <testcase name="testAddBadISymbolsTranstion{int}[1]" classname="pl.polsl.tomasz.michalik.tests.TuringMachineTest" time="0.003"/>
  <testcase name="testAddBadISymbolsTranstion{int}[2]" classname="pl.polsl.tomasz.michalik.tests.TuringMachineTest" time="0.003"/>
  <testcase name="testAddBadISymbolsTranstion{int}[3]" classname="pl.polsl.tomasz.michalik.tests.TuringMachineTest" time="0.003"/>
  <testcase name="testAddBadISymbolsTranstion{int}[4]" classname="pl.polsl.tomasz.michalik.tests.TuringMachineTest" time="0.003"/>
  <testcase name="testAddBadISymbolsTranstion{int}[5]" classname="pl.polsl.tomasz.michalik.tests.TuringMachineTest" time="0.004"/>
  <testcase name="testAddBadISymbolsTranstion{int}[6]" classname="pl.polsl.tomasz.michalik.tests.TuringMachineTest" time="0.003"/>
  <testcase name="testAddBadISymbolsTranstion{int}[7]" classname="pl.polsl.tomasz.michalik.tests.TuringMachineTest" time="0.003"/>
  <testcase name="testAddBadOMovesTranstion{int}[1]" classname="pl.polsl.tomasz.michalik.tests.TuringMachineTest" time="0.003"/>
  <testcase name="testAddBadOMovesTranstion{int}[2]" classname="pl.polsl.tomasz.michalik.tests.TuringMachineTest" time="0.003"/>
  <testcase name="testAddBadOMovesTranstion{int}[3]" classname="pl.polsl.tomasz.michalik.tests.TuringMachineTest" time="0.002"/>
  <testcase name="testAddBadOMovesTranstion{int}[4]" classname="pl.polsl.tomasz.michalik.tests.TuringMachineTest" time="0.003"/>
  <testcase name="testAddBadOMovesTranstion{int}[5]" classname="pl.polsl.tomasz.michalik.tests.TuringMachineTest" time="0.002"/>
  <testcase name="testAddBadOMovesTranstion{int}[6]" classname="pl.polsl.tomasz.michalik.tests.TuringMachineTest" time="0.002"/>
  <testcase name="testAddBadOMovesTranstion{int}[7]" classname="pl.polsl.tomasz.michalik.tests.TuringMachineTest" time="0.002"/>
  <testcase name="checkLeftBlank" classname="pl.polsl.tomasz.michalik.tests.TuringMachineTest" time="0.008"/>
  <testcase name="checkRightBlank" classname="pl.polsl.tomasz.michalik.tests.TuringMachineTest" time="0.005"/>
  <testcase name="testAddNTapesTransition{int}[1]" classname="pl.polsl.tomasz.michalik.tests.TuringMachineTest" time="0.002"/>
  <testcase name="testAddNTapesTransition{int}[2]" classname="pl.polsl.tomasz.michalik.tests.TuringMachineTest" time="0.002"/>
  <testcase name="testAddNTapesTransition{int}[3]" classname="pl.polsl.tomasz.michalik.tests.TuringMachineTest" time="0.003"/>
  <testcase name="testAddNTapesTransition{int}[4]" classname="pl.polsl.tomasz.michalik.tests.TuringMachineTest" time="0.002"/>
  <testcase name="testAddNTapesTransition{int}[5]" classname="pl.polsl.tomasz.michalik.tests.TuringMachineTest" time="0.002"/>
  <testcase name="testAddNTapesTransition{int}[6]" classname="pl.polsl.tomasz.michalik.tests.TuringMachineTest" time="0.002"/>
  <testcase name="testAddNTapesTransition{int}[7]" classname="pl.polsl.tomasz.michalik.tests.TuringMachineTest" time="0.001"/>
  <testcase name="testMoveLeft{int}[1]" classname="pl.polsl.tomasz.michalik.tests.TuringMachineTest" time="0.002"/>
  <testcase name="testMoveLeft{int}[2]" classname="pl.polsl.tomasz.michalik.tests.TuringMachineTest" time="0.002"/>
  <testcase name="testMoveLeft{int}[3]" classname="pl.polsl.tomasz.michalik.tests.TuringMachineTest" time="0.001"/>
  <testcase name="testMoveLeft{int}[4]" classname="pl.polsl.tomasz.michalik.tests.TuringMachineTest" time="0.002"/>
  <testcase name="testMoveLeft{int}[5]" classname="pl.polsl.tomasz.michalik.tests.TuringMachineTest" time="0.003"/>
  <testcase name="testMoveLeft{int}[6]" classname="pl.polsl.tomasz.michalik.tests.TuringMachineTest" time="1.315"/>
  <testcase name="testAddEmptyTransition" classname="pl.polsl.tomasz.michalik.tests.TuringMachineTest" time="0">
    <skipped message="this situation is artifitial and there has no place in the current project"/>
  </testcase>
  <testcase name="testMoveRight{int}[1]" classname="pl.polsl.tomasz.michalik.tests.TuringMachineTest" time="0.001"/>
  <testcase name="testMoveRight{int}[2]" classname="pl.polsl.tomasz.michalik.tests.TuringMachineTest" time="0.002"/>
  <testcase name="testMoveRight{int}[3]" classname="pl.polsl.tomasz.michalik.tests.TuringMachineTest" time="0.001"/>
  <testcase name="testMoveRight{int}[4]" classname="pl.polsl.tomasz.michalik.tests.TuringMachineTest" time="0.002"/>
  <testcase name="testMoveRight{int}[5]" classname="pl.polsl.tomasz.michalik.tests.TuringMachineTest" time="0.003"/>
  <testcase name="testMoveRight{int}[6]" classname="pl.polsl.tomasz.michalik.tests.TuringMachineTest" time="0.042"/>
  <testcase name="testNotMove{int}[1]" classname="pl.polsl.tomasz.michalik.tests.TuringMachineTest" time="0.015"/>
  <testcase name="testNotMove{int}[2]" classname="pl.polsl.tomasz.michalik.tests.TuringMachineTest" time="0.003"/>
  <testcase name="testNotMove{int}[3]" classname="pl.polsl.tomasz.michalik.tests.TuringMachineTest" time="0.002"/>
  <testcase name="testNotMove{int}[4]" classname="pl.polsl.tomasz.michalik.tests.TuringMachineTest" time="0.002"/>
  <testcase name="testNotMove{int}[5]" classname="pl.polsl.tomasz.michalik.tests.TuringMachineTest" time="0.003"/>
  <testcase name="testNotMove{int}[6]" classname="pl.polsl.tomasz.michalik.tests.TuringMachineTest" time="1.193"/>
</testsuite>