<?xml version="1.0" encoding="UTF-8"?>
<testsuite xmlns:xsi="http://www.w3.org/2001/XMLSchema-instance" xsi:schemaLocation="https://maven.apache.org/surefire/maven-surefire-plugin/xsd/surefire-test-report.xsd" name="pl.polsl.tomasz.michalik.controller.TMReaderTest" time="0.246" tests="11" errors="0" skipped="0" failures="0">
  <properties>
[...]
</properties>
  <testcase name="testGoodReadTMFromFile{int}[1]" classname="pl.polsl.tomasz.michalik.controller.TMReaderTest" time="0.121"/>
  <testcase name="testGoodReadTMFromFile{int}[2]" classname="pl.polsl.tomasz.michalik.controller.TMReaderTest" time="0.006"/>
  <testcase name="testGoodReadTMFromFile{int}[3]" classname="pl.polsl.tomasz.michalik.controller.TMReaderTest" time="0.004"/>
  <testcase name="testBadReadTMFromFile{int}[1]" classname="pl.polsl.tomasz.michalik.controller.TMReaderTest" time="0.005"/>
  <testcase name="testBadReadTMFromFile{int}[2]" classname="pl.polsl.tomasz.michalik.controller.TMReaderTest" time="0.005"/>
  <testcase name="testBadReadTMFromFile{int}[3]" classname="pl.polsl.tomasz.michalik.controller.TMReaderTest" time="0.003"/>
  <testcase name="testBadReadTMFromFile{int}[4]" classname="pl.polsl.tomasz.michalik.controller.TMReaderTest" time="0.008"/>
  <testcase name="testBadReadTMFromFile{int}[5]" classname="pl.polsl.tomasz.michalik.controller.TMReaderTest" time="0.003"/>
  <testcase name="testBadReadTMFromFile{int}[6]" classname="pl.polsl.tomasz.michalik.controller.TMReaderTest" time="0.003"/>
  <testcase name="testBadReadTMFromFile{int}[7]" classname="pl.polsl.tomasz.michalik.controller.TMReaderTest" time="0.003"/>
  <testcase name="testBadReadTMFromFile{int}[8]" classname="pl.polsl.tomasz.michalik.controller.TMReaderTest" time="0"/>
</testsuite>